<?xml version="1.0" encoding="UTF-8"?>
<testsuite name="test.TreasureTest" tests="1" skipped="0" failures="0" errors="0" timestamp="2020-07-30T07:59:11" hostname="vx6" time="0.001">
  <properties/>
  <testcase name="collectTreasureTest()" classname="test.TreasureTest" time="0.001"/>
  <system-out><![CDATA[]]></system-out>
  <system-err><![CDATA[]]></system-err>
</testsuite>
