<?xml version="1.0" encoding="UTF-8"?>
<testsuite name="test.DoorTest" tests="5" skipped="0" failures="0" errors="0" timestamp="2020-07-30T07:59:10" hostname="vx6" time="0.027">
  <properties/>
  <testcase name="keyNotMatchDoorTest()" classname="test.DoorTest" time="0.005"/>
  <testcase name="openDoorTest()" classname="test.DoorTest" time="0.003"/>
  <testcase name="pickUpAllKeyTest()" classname="test.DoorTest" time="0.002"/>
  <testcase name="noPickUpTest()" classname="test.DoorTest" time="0.004"/>
  <testcase name="cannotOpenDoorTest()" classname="test.DoorTest" time="0.003"/>
  <system-out><![CDATA[]]></system-out>
  <system-err><![CDATA[]]></system-err>
</testsuite>
