<?xml version="1.0" encoding="UTF-8"?>
<testsuite name="test.PotionTest" tests="1" skipped="0" failures="0" errors="0" timestamp="2020-07-30T07:59:10" hostname="vx6" time="0.099">
  <properties/>
  <testcase name="pickUpPotionTest()" classname="test.PotionTest" time="0.099"/>
  <system-out><![CDATA[]]></system-out>
  <system-err><![CDATA[]]></system-err>
</testsuite>
