<?xml version="1.0" encoding="UTF-8"?>
<testsuite name="test.BoulderSwitchTest" tests="4" skipped="0" failures="0" errors="0" timestamp="2020-07-30T07:59:10" hostname="vx6" time="0.063">
  <properties/>
  <testcase name="completeExitOrGoalTest()" classname="test.BoulderSwitchTest" time="0.005"/>
  <testcase name="completeSwitchOrGoalTest()" classname="test.BoulderSwitchTest" time="0.048"/>
  <testcase name="stuckedTest()" classname="test.BoulderSwitchTest" time="0.004"/>
  <testcase name="moveBoulderAwayFromSwitchTest()" classname="test.BoulderSwitchTest" time="0.001"/>
  <system-out><![CDATA[player x: 4, y: 1
]]></system-out>
  <system-err><![CDATA[]]></system-err>
</testsuite>
