<?xml version="1.0" encoding="UTF-8"?>
<testsuite name="test.EnemyTest" tests="4" skipped="0" failures="0" errors="0" timestamp="2020-07-30T07:59:11" hostname="vx6" time="0.046">
  <properties/>
  <testcase name="enemyMovementTest()" classname="test.EnemyTest" time="0.035"/>
  <testcase name="killEnemyTest()" classname="test.EnemyTest" time="0.005"/>
  <testcase name="killPlayerTest()" classname="test.EnemyTest" time="0.001"/>
  <testcase name="pickupSwordtest()" classname="test.EnemyTest" time="0.001"/>
  <system-out><![CDATA[5, 5
4, 5
4, 4
4, 3
3, 3
3, 3
6, 5
5, 5
4, 5
4, 4
4, 3
3, 3
true
3, 2
0
1
]]></system-out>
  <system-err><![CDATA[]]></system-err>
</testsuite>
